<?xml version="1.0" encoding="UTF-8"?>
<testng-results skipped="0" failed="3" ignored="0" total="4" passed="1">
  <reporter-output>
    <line>
      <![CDATA[Error message is Displayed]]>
    </line>
  </reporter-output>
  <suite name="Suite" duration-ms="55595" started-at="2017-02-26T08:32:55Z" finished-at="2017-02-26T08:33:51Z">
    <groups>
    </groups>
    <test name="Test" duration-ms="55595" started-at="2017-02-26T08:32:55Z" finished-at="2017-02-26T08:33:51Z">
      <class name="script.verifyLoginLogout">
        <test-method status="PASS" signature="precondition()[pri:0, instance:script.verifyLoginLogout@6cc4c815]" name="precondition" is-config="true" duration-ms="6198" started-at="2017-02-26T14:03:31Z" finished-at="2017-02-26T14:03:38Z">
          <reporter-output>
          </reporter-output>
        </test-method> <!-- precondition -->
        <test-method status="FAIL" signature="testVerifyLoginLogout()[pri:0, instance:script.verifyLoginLogout@6cc4c815]" name="testVerifyLoginLogout" duration-ms="12899" started-at="2017-02-26T14:03:38Z" finished-at="2017-02-26T14:03:51Z">
          <exception class="org.openqa.selenium.TimeoutException">
            <message>
              <![CDATA[Expected condition failed: waiting for title to be "actiTIME - Enter Time Track". Current title: "actiTIME - Enter Time-Track" (tried for 10 second(s) with 500 MILLISECONDS interval)
Build info: version: '3.1.0', revision: '86a5d70', time: '2017-02-16 07:57:44 -0800'
System info: host: 'A', ip: '192.168.43.132', os.name: 'Windows 8.1', os.arch: 'amd64', os.version: '6.3', java.version: '1.8.0_66'
Driver info: org.openqa.selenium.firefox.FirefoxDriver
Capabilities [{rotatable=false, raisesAccessibilityExceptions=false, marionette=true, appBuildId=20160823121617, version=, platform=XP, proxy={}, command_id=1, specificationLevel=0, acceptSslCerts=false, browserVersion=48.0.2, platformVersion=6.3, XULappId={ec8030f7-c20a-464f-9b0e-13a3a9e97384}, browserName=Firefox, takesScreenshot=true, takesElementScreenshot=true, platformName=Windows_NT, device=desktop, firefox_profile=UEsDBBQACAgIAHBwWkoAAAAAAAAAA...}]
Session ID: d9772c5a-d2c9-4b55-98a6-c9b96f23bf30]]>
            </message>
            <full-stacktrace>
              <![CDATA[org.openqa.selenium.TimeoutException: Expected condition failed: waiting for title to be "actiTIME - Enter Time Track". Current title: "actiTIME - Enter Time-Track" (tried for 10 second(s) with 500 MILLISECONDS interval)
Build info: version: '3.1.0', revision: '86a5d70', time: '2017-02-16 07:57:44 -0800'
System info: host: 'A', ip: '192.168.43.132', os.name: 'Windows 8.1', os.arch: 'amd64', os.version: '6.3', java.version: '1.8.0_66'
Driver info: org.openqa.selenium.firefox.FirefoxDriver
Capabilities [{rotatable=false, raisesAccessibilityExceptions=false, marionette=true, appBuildId=20160823121617, version=, platform=XP, proxy={}, command_id=1, specificationLevel=0, acceptSslCerts=false, browserVersion=48.0.2, platformVersion=6.3, XULappId={ec8030f7-c20a-464f-9b0e-13a3a9e97384}, browserName=Firefox, takesScreenshot=true, takesElementScreenshot=true, platformName=Windows_NT, device=desktop, firefox_profile=UEsDBBQACAgIAHBwWkoAAAAAAAAAA...}]
Session ID: d9772c5a-d2c9-4b55-98a6-c9b96f23bf30
	at org.openqa.selenium.support.ui.WebDriverWait.timeoutException(WebDriverWait.java:80)
	at org.openqa.selenium.support.ui.FluentWait.until(FluentWait.java:257)
	at generic.BasePage.verifyTitle(BasePage.java:25)
	at script.verifyLoginLogout.testVerifyLoginLogout(verifyLoginLogout.java:29)
	at sun.reflect.NativeMethodAccessorImpl.invoke0(Native Method)
	at sun.reflect.NativeMethodAccessorImpl.invoke(NativeMethodAccessorImpl.java:62)
	at sun.reflect.DelegatingMethodAccessorImpl.invoke(DelegatingMethodAccessorImpl.java:43)
	at java.lang.reflect.Method.invoke(Method.java:497)
	at org.testng.internal.MethodInvocationHelper.invokeMethod(MethodInvocationHelper.java:104)
	at org.testng.internal.Invoker.invokeMethod(Invoker.java:645)
	at org.testng.internal.Invoker.invokeTestMethod(Invoker.java:851)
	at org.testng.internal.Invoker.invokeTestMethods(Invoker.java:1177)
	at org.testng.internal.TestMethodWorker.invokeTestMethods(TestMethodWorker.java:129)
	at org.testng.internal.TestMethodWorker.run(TestMethodWorker.java:112)
	at org.testng.TestRunner.privateRun(TestRunner.java:756)
	at org.testng.TestRunner.run(TestRunner.java:610)
	at org.testng.SuiteRunner.runTest(SuiteRunner.java:387)
	at org.testng.SuiteRunner.runSequentially(SuiteRunner.java:382)
	at org.testng.SuiteRunner.privateRun(SuiteRunner.java:340)
	at org.testng.SuiteRunner.run(SuiteRunner.java:289)
	at org.testng.SuiteRunnerWorker.runSuite(SuiteRunnerWorker.java:52)
	at org.testng.SuiteRunnerWorker.run(SuiteRunnerWorker.java:86)
	at org.testng.TestNG.runSuitesSequentially(TestNG.java:1293)
	at org.testng.TestNG.runSuitesLocally(TestNG.java:1218)
	at org.testng.TestNG.runSuites(TestNG.java:1133)
	at org.testng.TestNG.run(TestNG.java:1104)
	at org.testng.remote.AbstractRemoteTestNG.run(AbstractRemoteTestNG.java:132)
	at org.testng.remote.RemoteTestNG.initAndRun(RemoteTestNG.java:236)
	at org.testng.remote.RemoteTestNG.main(RemoteTestNG.java:81)
]]>
            </full-stacktrace>
          </exception> <!-- org.openqa.selenium.TimeoutException -->
          <reporter-output>
          </reporter-output>
        </test-method> <!-- testVerifyLoginLogout -->
        <test-method status="PASS" signature="postcondition()[pri:0, instance:script.verifyLoginLogout@6cc4c815]" name="postcondition" is-config="true" duration-ms="406" started-at="2017-02-26T14:03:51Z" finished-at="2017-02-26T14:03:51Z">
          <reporter-output>
          </reporter-output>
        </test-method> <!-- postcondition -->
      </class> <!-- script.verifyLoginLogout -->
      <class name="script.verifyInvalidLogin">
        <test-method status="PASS" signature="precondition()[pri:0, instance:script.verifyInvalidLogin@56f4468b]" name="precondition" is-config="true" duration-ms="6297" started-at="2017-02-26T14:03:23Z" finished-at="2017-02-26T14:03:29Z">
          <reporter-output>
          </reporter-output>
        </test-method> <!-- precondition -->
        <test-method status="PASS" signature="testVerifyInvalidLogin()[pri:0, instance:script.verifyInvalidLogin@56f4468b]" name="testVerifyInvalidLogin" duration-ms="1521" started-at="2017-02-26T14:03:29Z" finished-at="2017-02-26T14:03:31Z">
          <reporter-output>
            <line>
              <![CDATA[Error message is Displayed]]>
            </line>
          </reporter-output>
        </test-method> <!-- testVerifyInvalidLogin -->
        <test-method status="PASS" signature="postcondition()[pri:0, instance:script.verifyInvalidLogin@56f4468b]" name="postcondition" is-config="true" duration-ms="471" started-at="2017-02-26T14:03:31Z" finished-at="2017-02-26T14:03:31Z">
          <reporter-output>
          </reporter-output>
        </test-method> <!-- postcondition -->
      </class> <!-- script.verifyInvalidLogin -->
      <class name="script.VerifyLoginPage">
        <test-method status="PASS" signature="precondition()[pri:0, instance:script.VerifyLoginPage@23ceabc1]" name="precondition" is-config="true" duration-ms="9796" started-at="2017-02-26T14:02:55Z" finished-at="2017-02-26T14:03:05Z">
          <reporter-output>
          </reporter-output>
        </test-method> <!-- precondition -->
        <test-method status="FAIL" signature="testVerifyLoginPage()[pri:0, instance:script.VerifyLoginPage@23ceabc1]" name="testVerifyLoginPage" duration-ms="10435" started-at="2017-02-26T14:03:05Z" finished-at="2017-02-26T14:03:16Z">
          <exception class="org.openqa.selenium.TimeoutException">
            <message>
              <![CDATA[Expected condition failed: waiting for title to be "actiTIME - Login ". Current title: "actiTIME - Login" (tried for 10 second(s) with 500 MILLISECONDS interval)
Build info: version: '3.1.0', revision: '86a5d70', time: '2017-02-16 07:57:44 -0800'
System info: host: 'A', ip: '192.168.43.132', os.name: 'Windows 8.1', os.arch: 'amd64', os.version: '6.3', java.version: '1.8.0_66'
Driver info: org.openqa.selenium.firefox.FirefoxDriver
Capabilities [{rotatable=false, raisesAccessibilityExceptions=false, marionette=true, appBuildId=20160823121617, version=, platform=XP, proxy={}, command_id=1, specificationLevel=0, acceptSslCerts=false, browserVersion=48.0.2, platformVersion=6.3, XULappId={ec8030f7-c20a-464f-9b0e-13a3a9e97384}, browserName=Firefox, takesScreenshot=true, takesElementScreenshot=true, platformName=Windows_NT, device=desktop, firefox_profile=UEsDBBQACAgIAF1wWkoAAAAAAAAAA...}]
Session ID: 7e0caea4-060a-47be-9052-63f3c667e652]]>
            </message>
            <full-stacktrace>
              <![CDATA[org.openqa.selenium.TimeoutException: Expected condition failed: waiting for title to be "actiTIME - Login ". Current title: "actiTIME - Login" (tried for 10 second(s) with 500 MILLISECONDS interval)
Build info: version: '3.1.0', revision: '86a5d70', time: '2017-02-16 07:57:44 -0800'
System info: host: 'A', ip: '192.168.43.132', os.name: 'Windows 8.1', os.arch: 'amd64', os.version: '6.3', java.version: '1.8.0_66'
Driver info: org.openqa.selenium.firefox.FirefoxDriver
Capabilities [{rotatable=false, raisesAccessibilityExceptions=false, marionette=true, appBuildId=20160823121617, version=, platform=XP, proxy={}, command_id=1, specificationLevel=0, acceptSslCerts=false, browserVersion=48.0.2, platformVersion=6.3, XULappId={ec8030f7-c20a-464f-9b0e-13a3a9e97384}, browserName=Firefox, takesScreenshot=true, takesElementScreenshot=true, platformName=Windows_NT, device=desktop, firefox_profile=UEsDBBQACAgIAF1wWkoAAAAAAAAAA...}]
Session ID: 7e0caea4-060a-47be-9052-63f3c667e652
	at org.openqa.selenium.support.ui.WebDriverWait.timeoutException(WebDriverWait.java:80)
	at org.openqa.selenium.support.ui.FluentWait.until(FluentWait.java:257)
	at generic.BasePage.verifyTitle(BasePage.java:25)
	at script.VerifyLoginPage.testVerifyLoginPage(VerifyLoginPage.java:15)
	at sun.reflect.NativeMethodAccessorImpl.invoke0(Native Method)
	at sun.reflect.NativeMethodAccessorImpl.invoke(NativeMethodAccessorImpl.java:62)
	at sun.reflect.DelegatingMethodAccessorImpl.invoke(DelegatingMethodAccessorImpl.java:43)
	at java.lang.reflect.Method.invoke(Method.java:497)
	at org.testng.internal.MethodInvocationHelper.invokeMethod(MethodInvocationHelper.java:104)
	at org.testng.internal.Invoker.invokeMethod(Invoker.java:645)
	at org.testng.internal.Invoker.invokeTestMethod(Invoker.java:851)
	at org.testng.internal.Invoker.invokeTestMethods(Invoker.java:1177)
	at org.testng.internal.TestMethodWorker.invokeTestMethods(TestMethodWorker.java:129)
	at org.testng.internal.TestMethodWorker.run(TestMethodWorker.java:112)
	at org.testng.TestRunner.privateRun(TestRunner.java:756)
	at org.testng.TestRunner.run(TestRunner.java:610)
	at org.testng.SuiteRunner.runTest(SuiteRunner.java:387)
	at org.testng.SuiteRunner.runSequentially(SuiteRunner.java:382)
	at org.testng.SuiteRunner.privateRun(SuiteRunner.java:340)
	at org.testng.SuiteRunner.run(SuiteRunner.java:289)
	at org.testng.SuiteRunnerWorker.runSuite(SuiteRunnerWorker.java:52)
	at org.testng.SuiteRunnerWorker.run(SuiteRunnerWorker.java:86)
	at org.testng.TestNG.runSuitesSequentially(TestNG.java:1293)
	at org.testng.TestNG.runSuitesLocally(TestNG.java:1218)
	at org.testng.TestNG.runSuites(TestNG.java:1133)
	at org.testng.TestNG.run(TestNG.java:1104)
	at org.testng.remote.AbstractRemoteTestNG.run(AbstractRemoteTestNG.java:132)
	at org.testng.remote.RemoteTestNG.initAndRun(RemoteTestNG.java:236)
	at org.testng.remote.RemoteTestNG.main(RemoteTestNG.java:81)
]]>
            </full-stacktrace>
          </exception> <!-- org.openqa.selenium.TimeoutException -->
          <reporter-output>
          </reporter-output>
        </test-method> <!-- testVerifyLoginPage -->
        <test-method status="PASS" signature="postcondition()[pri:0, instance:script.VerifyLoginPage@23ceabc1]" name="postcondition" is-config="true" duration-ms="527" started-at="2017-02-26T14:03:16Z" finished-at="2017-02-26T14:03:16Z">
          <reporter-output>
          </reporter-output>
        </test-method> <!-- postcondition -->
      </class> <!-- script.VerifyLoginPage -->
      <class name="script.verifyVersion">
        <test-method status="PASS" signature="precondition()[pri:0, instance:script.verifyVersion@5d5eef3d]" name="precondition" is-config="true" duration-ms="6531" started-at="2017-02-26T14:03:16Z" finished-at="2017-02-26T14:03:23Z">
          <reporter-output>
          </reporter-output>
        </test-method> <!-- precondition -->
        <test-method status="FAIL" signature="testVerifyVersion()[pri:0, instance:script.verifyVersion@5d5eef3d]" name="testVerifyVersion" duration-ms="32" started-at="2017-02-26T14:03:23Z" finished-at="2017-02-26T14:03:23Z">
          <exception class="java.lang.AssertionError">
            <message>
              <![CDATA[expected [actiTIME 2016.1] but found [actiTIME 2017.1]]]>
            </message>
            <full-stacktrace>
              <![CDATA[java.lang.AssertionError: expected [actiTIME 2016.1] but found [actiTIME 2017.1]
	at org.testng.Assert.fail(Assert.java:94)
	at org.testng.Assert.failNotEquals(Assert.java:513)
	at org.testng.Assert.assertEqualsImpl(Assert.java:135)
	at org.testng.Assert.assertEquals(Assert.java:116)
	at org.testng.Assert.assertEquals(Assert.java:190)
	at org.testng.Assert.assertEquals(Assert.java:200)
	at pom.LoginPage.verifyVersion(LoginPage.java:60)
	at script.verifyVersion.testVerifyVersion(verifyVersion.java:14)
	at sun.reflect.NativeMethodAccessorImpl.invoke0(Native Method)
	at sun.reflect.NativeMethodAccessorImpl.invoke(NativeMethodAccessorImpl.java:62)
	at sun.reflect.DelegatingMethodAccessorImpl.invoke(DelegatingMethodAccessorImpl.java:43)
	at java.lang.reflect.Method.invoke(Method.java:497)
	at org.testng.internal.MethodInvocationHelper.invokeMethod(MethodInvocationHelper.java:104)
	at org.testng.internal.Invoker.invokeMethod(Invoker.java:645)
	at org.testng.internal.Invoker.invokeTestMethod(Invoker.java:851)
	at org.testng.internal.Invoker.invokeTestMethods(Invoker.java:1177)
	at org.testng.internal.TestMethodWorker.invokeTestMethods(TestMethodWorker.java:129)
	at org.testng.internal.TestMethodWorker.run(TestMethodWorker.java:112)
	at org.testng.TestRunner.privateRun(TestRunner.java:756)
	at org.testng.TestRunner.run(TestRunner.java:610)
	at org.testng.SuiteRunner.runTest(SuiteRunner.java:387)
	at org.testng.SuiteRunner.runSequentially(SuiteRunner.java:382)
	at org.testng.SuiteRunner.privateRun(SuiteRunner.java:340)
	at org.testng.SuiteRunner.run(SuiteRunner.java:289)
	at org.testng.SuiteRunnerWorker.runSuite(SuiteRunnerWorker.java:52)
	at org.testng.SuiteRunnerWorker.run(SuiteRunnerWorker.java:86)
	at org.testng.TestNG.runSuitesSequentially(TestNG.java:1293)
	at org.testng.TestNG.runSuitesLocally(TestNG.java:1218)
	at org.testng.TestNG.runSuites(TestNG.java:1133)
	at org.testng.TestNG.run(TestNG.java:1104)
	at org.testng.remote.AbstractRemoteTestNG.run(AbstractRemoteTestNG.java:132)
	at org.testng.remote.RemoteTestNG.initAndRun(RemoteTestNG.java:236)
	at org.testng.remote.RemoteTestNG.main(RemoteTestNG.java:81)
]]>
            </full-stacktrace>
          </exception> <!-- java.lang.AssertionError -->
          <reporter-output>
          </reporter-output>
        </test-method> <!-- testVerifyVersion -->
        <test-method status="PASS" signature="postcondition()[pri:0, instance:script.verifyVersion@5d5eef3d]" name="postcondition" is-config="true" duration-ms="422" started-at="2017-02-26T14:03:23Z" finished-at="2017-02-26T14:03:23Z">
          <reporter-output>
          </reporter-output>
        </test-method> <!-- postcondition -->
      </class> <!-- script.verifyVersion -->
    </test> <!-- Test -->
  </suite> <!-- Suite -->
</testng-results>
